# JRE version: Java(TM) SE Runtime Environment 18.9 (11.0.23+7) (build 11.0.23+7-LTS-222)
# Java VM: Java HotSpot(TM) 64-Bit Server VM 18.9 (11.0.23+7-LTS-222, mixed mode, tiered, compressed oops, g1 gc, windows-amd64)
Heap:
 garbage-first heap   total 524288K, used 366902K [0x0000000700000000, 0x0000000800000000)
  region size 1024K, 206 young (210944K), 2 survivors (2048K)
 Metaspace       used 27002K, capacity 27528K, committed 27772K, reserved 1075200K
  class space    used 2584K, capacity 2794K, committed 2940K, reserved 1048576K
GC Heap History (10 events):
Event: 2006.471 GC heap before
{Heap before GC invocations=44 (full 8):
 garbage-first heap   total 524288K, used 368898K [0x0000000700000000, 0x0000000800000000)
  region size 1024K, 207 young (211968K), 3 survivors (3072K)
 Metaspace       used 27002K, capacity 27528K, committed 27772K, reserved 1075200K
  class space    used 2584K, capacity 2794K, committed 2940K, reserved 1048576K
}
Event: 2006.478 GC heap after
{Heap after GC invocations=45 (full 8):
 garbage-first heap   total 524288K, used 161017K [0x0000000700000000, 0x0000000800000000)
  region size 1024K, 3 young (3072K), 3 survivors (3072K)
 Metaspace       used 27002K, capacity 27528K, committed 27772K, reserved 1075200K
  class space    used 2584K, capacity 2794K, committed 2940K, reserved 1048576K
}
Event: 2067.050 GC heap before
{Heap before GC invocations=45 (full 8):
 garbage-first heap   total 524288K, used 369913K [0x0000000700000000, 0x0000000800000000)
  region size 1024K, 208 young (212992K), 3 survivors (3072K)
 Metaspace       used 27002K, capacity 27528K, committed 27772K, reserved 1075200K
  class space    used 2584K, capacity 2794K, committed 2940K, reserved 1048576K
}
Event: 2067.058 GC heap after
{Heap after GC invocations=46 (full 8):
 garbage-first heap   total 524288K, used 160935K [0x0000000700000000, 0x0000000800000000)
  region size 1024K, 3 young (3072K), 3 survivors (3072K)
 Metaspace       used 27002K, capacity 27528K, committed 27772K, reserved 1075200K
  class space    used 2584K, capacity 2794K, committed 2940K, reserved 1048576K
}
Event: 2127.632 GC heap before
{Heap before GC invocations=46 (full 8):
 garbage-first heap   total 524288K, used 384167K [0x0000000700000000, 0x0000000800000000)
  region size 1024K, 222 young (227328K), 3 survivors (3072K)
 Metaspace       used 27002K, capacity 27528K, committed 27772K, reserved 1075200K
  class space    used 2584K, capacity 2794K, committed 2940K, reserved 1048576K
}
Event: 2127.656 GC heap after
{Heap after GC invocations=47 (full 9):
 garbage-first heap   total 524288K, used 143547K [0x0000000700000000, 0x0000000800000000)
  region size 1024K, 0 young (0K), 0 survivors (0K)
 Metaspace       used 27002K, capacity 27528K, committed 27772K, reserved 1075200K
  class space    used 2584K, capacity 2794K, committed 2940K, reserved 1048576K
}
Event: 2188.266 GC heap before
{Heap before GC invocations=47 (full 9):
 garbage-first heap   total 524288K, used 312507K [0x0000000700000000, 0x0000000800000000)
  region size 1024K, 151 young (154624K), 0 survivors (0K)
 Metaspace       used 27002K, capacity 27528K, committed 27772K, reserved 1075200K
  class space    used 2584K, capacity 2794K, committed 2940K, reserved 1048576K
}
Event: 2188.286 GC heap after
{Heap after GC invocations=48 (full 10):
 garbage-first heap   total 524288K, used 142357K [0x0000000700000000, 0x0000000800000000)
  region size 1024K, 0 young (0K), 0 survivors (0K)
 Metaspace       used 27002K, capacity 27528K, committed 27772K, reserved 1075200K
  class space    used 2584K, capacity 2794K, committed 2940K, reserved 1048576K
}
Event: 2248.891 GC heap before
{Heap before GC invocations=48 (full 10):
 garbage-first heap   total 524288K, used 313365K [0x0000000700000000, 0x0000000800000000)
  region size 1024K, 153 young (156672K), 0 survivors (0K)
 Metaspace       used 27002K, capacity 27528K, committed 27772K, reserved 1075200K
  class space    used 2584K, capacity 2794K, committed 2940K, reserved 1048576K
}
Event: 2248.895 GC heap after
{Heap after GC invocations=49 (full 10):
 garbage-first heap   total 524288K, used 159030K [0x0000000700000000, 0x0000000800000000)
  region size 1024K, 2 young (2048K), 2 survivors (2048K)
 Metaspace       used 27002K, capacity 27528K, committed 27772K, reserved 1075200K
  class space    used 2584K, capacity 2794K, committed 2940K, reserved 1048576K
}

