# JRE version: Java(TM) SE Runtime Environment 18.9 (11.0.23+7) (build 11.0.23+7-LTS-222)
# Java VM: Java HotSpot(TM) 64-Bit Server VM 18.9 (11.0.23+7-LTS-222, mixed mode, tiered, compressed oops, g1 gc, windows-amd64)
Heap:
 garbage-first heap   total 524288K, used 250312K [0x0000000700000000, 0x0000000800000000)
  region size 1024K, 48 young (49152K), 0 survivors (0K)
 Metaspace       used 31594K, capacity 32268K, committed 32512K, reserved 1079296K
  class space    used 3243K, capacity 3574K, committed 3584K, reserved 1048576K
GC Heap History (10 events):
Event: 2.348 GC heap before
{Heap before GC invocations=3 (full 0):
 garbage-first heap   total 524288K, used 226036K [0x0000000700000000, 0x0000000800000000)
  region size 1024K, 137 young (140288K), 9 survivors (9216K)
 Metaspace       used 21395K, capacity 21832K, committed 21888K, reserved 1069056K
  class space    used 2210K, capacity 2414K, committed 2432K, reserved 1048576K
}
Event: 2.354 GC heap after
{Heap after GC invocations=4 (full 0):
 garbage-first heap   total 524288K, used 97413K [0x0000000700000000, 0x0000000800000000)
  region size 1024K, 18 young (18432K), 18 survivors (18432K)
 Metaspace       used 21395K, capacity 21832K, committed 21888K, reserved 1069056K
  class space    used 2210K, capacity 2414K, committed 2432K, reserved 1048576K
}
Event: 2.975 GC heap before
{Heap before GC invocations=4 (full 0):
 garbage-first heap   total 524288K, used 245893K [0x0000000700000000, 0x0000000800000000)
  region size 1024K, 147 young (150528K), 18 survivors (18432K)
 Metaspace       used 27521K, capacity 28104K, committed 28160K, reserved 1075200K
  class space    used 3035K, capacity 3313K, committed 3328K, reserved 1048576K
}
Event: 2.982 GC heap after
{Heap after GC invocations=5 (full 0):
 garbage-first heap   total 524288K, used 127829K [0x0000000700000000, 0x0000000800000000)
  region size 1024K, 19 young (19456K), 19 survivors (19456K)
 Metaspace       used 27521K, capacity 28104K, committed 28160K, reserved 1075200K
  class space    used 3035K, capacity 3313K, committed 3328K, reserved 1048576K
}
Event: 3.235 GC heap before
{Heap before GC invocations=5 (full 0):
 garbage-first heap   total 524288K, used 256853K [0x0000000700000000, 0x0000000800000000)
  region size 1024K, 146 young (149504K), 19 survivors (19456K)
 Metaspace       used 27972K, capacity 28555K, committed 28672K, reserved 1075200K
  class space    used 3049K, capacity 3314K, committed 3328K, reserved 1048576K
}
Event: 3.240 GC heap after
{Heap after GC invocations=6 (full 0):
 garbage-first heap   total 524288K, used 139674K [0x0000000700000000, 0x0000000800000000)
  region size 1024K, 15 young (15360K), 15 survivors (15360K)
 Metaspace       used 27972K, capacity 28555K, committed 28672K, reserved 1075200K
  class space    used 3049K, capacity 3314K, committed 3328K, reserved 1048576K
}
Event: 3.527 GC heap before
{Heap before GC invocations=6 (full 0):
 garbage-first heap   total 524288K, used 275866K [0x0000000700000000, 0x0000000800000000)
  region size 1024K, 149 young (152576K), 15 survivors (15360K)
 Metaspace       used 28559K, capacity 29170K, committed 29312K, reserved 1075200K
  class space    used 3094K, capacity 3373K, committed 3456K, reserved 1048576K
}
Event: 3.533 GC heap after
{Heap after GC invocations=7 (full 0):
 garbage-first heap   total 524288K, used 161229K [0x0000000700000000, 0x0000000800000000)
  region size 1024K, 19 young (19456K), 19 survivors (19456K)
 Metaspace       used 28559K, capacity 29170K, committed 29312K, reserved 1075200K
  class space    used 3094K, capacity 3373K, committed 3456K, reserved 1048576K
}
Event: 6.131 GC heap before
{Heap before GC invocations=7 (full 0):
 garbage-first heap   total 524288K, used 270797K [0x0000000700000000, 0x0000000800000000)
  region size 1024K, 108 young (110592K), 19 survivors (19456K)
 Metaspace       used 29338K, capacity 30025K, committed 30080K, reserved 1075200K
  class space    used 3133K, capacity 3421K, committed 3456K, reserved 1048576K
}
Event: 6.155 GC heap after
{Heap after GC invocations=8 (full 1):
 garbage-first heap   total 524288K, used 171464K [0x0000000700000000, 0x0000000800000000)
  region size 1024K, 0 young (0K), 0 survivors (0K)
 Metaspace       used 29313K, capacity 29985K, committed 30080K, reserved 1075200K
  class space    used 3123K, capacity 3403K, committed 3456K, reserved 1048576K
}

