# JRE version: Java(TM) SE Runtime Environment 18.9 (11.0.23+7) (build 11.0.23+7-LTS-222)
# Java VM: Java HotSpot(TM) 64-Bit Server VM 18.9 (11.0.23+7-LTS-222, mixed mode, tiered, compressed oops, g1 gc, windows-amd64)
Heap:
 garbage-first heap   total 524288K, used 241118K [0x0000000700000000, 0x0000000800000000)
  region size 1024K, 39 young (39936K), 0 survivors (0K)
 Metaspace       used 31591K, capacity 32262K, committed 32512K, reserved 1079296K
  class space    used 3253K, capacity 3572K, committed 3584K, reserved 1048576K
GC Heap History (10 events):
Event: 2.404 GC heap before
{Heap before GC invocations=3 (full 0):
 garbage-first heap   total 524288K, used 219894K [0x0000000700000000, 0x0000000800000000)
  region size 1024K, 137 young (140288K), 9 survivors (9216K)
 Metaspace       used 21381K, capacity 21832K, committed 21888K, reserved 1069056K
  class space    used 2213K, capacity 2413K, committed 2432K, reserved 1048576K
}
Event: 2.409 GC heap after
{Heap after GC invocations=4 (full 0):
 garbage-first heap   total 524288K, used 87609K [0x0000000700000000, 0x0000000800000000)
  region size 1024K, 16 young (16384K), 16 survivors (16384K)
 Metaspace       used 21381K, capacity 21832K, committed 21888K, reserved 1069056K
  class space    used 2213K, capacity 2413K, committed 2432K, reserved 1048576K
}
Event: 3.164 GC heap before
{Heap before GC invocations=4 (full 0):
 garbage-first heap   total 524288K, used 244281K [0x0000000700000000, 0x0000000800000000)
  region size 1024K, 147 young (150528K), 16 survivors (16384K)
 Metaspace       used 27604K, capacity 28198K, committed 28544K, reserved 1075200K
  class space    used 3050K, capacity 3343K, committed 3456K, reserved 1048576K
}
Event: 3.176 GC heap after
{Heap after GC invocations=5 (full 0):
 garbage-first heap   total 524288K, used 126659K [0x0000000700000000, 0x0000000800000000)
  region size 1024K, 19 young (19456K), 19 survivors (19456K)
 Metaspace       used 27604K, capacity 28198K, committed 28544K, reserved 1075200K
  class space    used 3050K, capacity 3343K, committed 3456K, reserved 1048576K
}
Event: 3.457 GC heap before
{Heap before GC invocations=5 (full 0):
 garbage-first heap   total 524288K, used 261827K [0x0000000700000000, 0x0000000800000000)
  region size 1024K, 152 young (155648K), 19 survivors (19456K)
 Metaspace       used 28104K, capacity 28717K, committed 29056K, reserved 1075200K
  class space    used 3059K, capacity 3345K, committed 3456K, reserved 1048576K
}
Event: 3.462 GC heap after
{Heap after GC invocations=6 (full 0):
 garbage-first heap   total 524288K, used 140384K [0x0000000700000000, 0x0000000800000000)
  region size 1024K, 15 young (15360K), 15 survivors (15360K)
 Metaspace       used 28104K, capacity 28717K, committed 29056K, reserved 1075200K
  class space    used 3059K, capacity 3345K, committed 3456K, reserved 1048576K
}
Event: 3.862 GC heap before
{Heap before GC invocations=6 (full 0):
 garbage-first heap   total 524288K, used 275552K [0x0000000700000000, 0x0000000800000000)
  region size 1024K, 148 young (151552K), 15 survivors (15360K)
 Metaspace       used 28644K, capacity 29328K, committed 29568K, reserved 1075200K
  class space    used 3104K, capacity 3403K, committed 3456K, reserved 1048576K
}
Event: 3.867 GC heap after
{Heap after GC invocations=7 (full 0):
 garbage-first heap   total 524288K, used 162102K [0x0000000700000000, 0x0000000800000000)
  region size 1024K, 19 young (19456K), 19 survivors (19456K)
 Metaspace       used 28644K, capacity 29328K, committed 29568K, reserved 1075200K
  class space    used 3104K, capacity 3403K, committed 3456K, reserved 1048576K
}
Event: 6.153 GC heap before
{Heap before GC invocations=7 (full 0):
 garbage-first heap   total 524288K, used 263478K [0x0000000700000000, 0x0000000800000000)
  region size 1024K, 100 young (102400K), 19 survivors (19456K)
 Metaspace       used 29324K, capacity 29959K, committed 30080K, reserved 1075200K
  class space    used 3142K, capacity 3419K, committed 3456K, reserved 1048576K
}
Event: 6.175 GC heap after
{Heap after GC invocations=8 (full 1):
 garbage-first heap   total 524288K, used 171486K [0x0000000700000000, 0x0000000800000000)
  region size 1024K, 0 young (0K), 0 survivors (0K)
 Metaspace       used 29299K, capacity 29919K, committed 30080K, reserved 1075200K
  class space    used 3133K, capacity 3401K, committed 3456K, reserved 1048576K
}

