# JRE version: Java(TM) SE Runtime Environment 18.9 (11.0.23+7) (build 11.0.23+7-LTS-222)
# Java VM: Java HotSpot(TM) 64-Bit Server VM 18.9 (11.0.23+7-LTS-222, mixed mode, tiered, compressed oops, g1 gc, windows-amd64)
Heap:
 garbage-first heap   total 524288K, used 355929K [0x0000000700000000, 0x0000000800000000)
  region size 1024K, 140 young (143360K), 2 survivors (2048K)
 Metaspace       used 31949K, capacity 32693K, committed 32896K, reserved 1079296K
  class space    used 3260K, capacity 3592K, committed 3712K, reserved 1048576K
GC Heap History (10 events):
Event: 3.081 GC heap before
{Heap before GC invocations=4 (full 0):
 garbage-first heap   total 524288K, used 244521K [0x0000000700000000, 0x0000000800000000)
  region size 1024K, 147 young (150528K), 16 survivors (16384K)
 Metaspace       used 27545K, capacity 28104K, committed 28160K, reserved 1075200K
  class space    used 3046K, capacity 3313K, committed 3328K, reserved 1048576K
}
Event: 3.090 GC heap after
{Heap after GC invocations=5 (full 0):
 garbage-first heap   total 524288K, used 126281K [0x0000000700000000, 0x0000000800000000)
  region size 1024K, 19 young (19456K), 19 survivors (19456K)
 Metaspace       used 27545K, capacity 28104K, committed 28160K, reserved 1075200K
  class space    used 3046K, capacity 3313K, committed 3328K, reserved 1048576K
}
Event: 3.288 GC heap before
{Heap before GC invocations=5 (full 0):
 garbage-first heap   total 524288K, used 260425K [0x0000000700000000, 0x0000000800000000)
  region size 1024K, 152 young (155648K), 19 survivors (19456K)
 Metaspace       used 27983K, capacity 28555K, committed 28672K, reserved 1075200K
  class space    used 3057K, capacity 3314K, committed 3328K, reserved 1048576K
}
Event: 3.293 GC heap after
{Heap after GC invocations=6 (full 0):
 garbage-first heap   total 524288K, used 140432K [0x0000000700000000, 0x0000000800000000)
  region size 1024K, 16 young (16384K), 16 survivors (16384K)
 Metaspace       used 27983K, capacity 28555K, committed 28672K, reserved 1075200K
  class space    used 3057K, capacity 3314K, committed 3328K, reserved 1048576K
}
Event: 3.490 GC heap before
{Heap before GC invocations=6 (full 0):
 garbage-first heap   total 524288K, used 268432K [0x0000000700000000, 0x0000000800000000)
  region size 1024K, 142 young (145408K), 16 survivors (16384K)
 Metaspace       used 28500K, capacity 29138K, committed 29312K, reserved 1075200K
  class space    used 3102K, capacity 3405K, committed 3456K, reserved 1048576K
}
Event: 3.496 GC heap after
{Heap after GC invocations=7 (full 0):
 garbage-first heap   total 524288K, used 161408K [0x0000000700000000, 0x0000000800000000)
  region size 1024K, 18 young (18432K), 18 survivors (18432K)
 Metaspace       used 28500K, capacity 29138K, committed 29312K, reserved 1075200K
  class space    used 3102K, capacity 3405K, committed 3456K, reserved 1048576K
}
Event: 6.175 GC heap before
{Heap before GC invocations=7 (full 0):
 garbage-first heap   total 524288K, used 272000K [0x0000000700000000, 0x0000000800000000)
  region size 1024K, 108 young (110592K), 18 survivors (18432K)
 Metaspace       used 29467K, capacity 30089K, committed 30336K, reserved 1077248K
  class space    used 3140K, capacity 3421K, committed 3456K, reserved 1048576K
}
Event: 6.180 GC heap after
{Heap after GC invocations=8 (full 0):
 garbage-first heap   total 524288K, used 197727K [0x0000000700000000, 0x0000000800000000)
  region size 1024K, 17 young (17408K), 17 survivors (17408K)
 Metaspace       used 29467K, capacity 30089K, committed 30336K, reserved 1077248K
  class space    used 3140K, capacity 3421K, committed 3456K, reserved 1048576K
}
Event: 20.031 GC heap before
{Heap before GC invocations=8 (full 0):
 garbage-first heap   total 524288K, used 361567K [0x0000000700000000, 0x0000000800000000)
  region size 1024K, 163 young (166912K), 17 survivors (17408K)
 Metaspace       used 29956K, capacity 30604K, committed 30848K, reserved 1077248K
  class space    used 3141K, capacity 3421K, committed 3456K, reserved 1048576K
}
Event: 20.035 GC heap after
{Heap after GC invocations=9 (full 0):
 garbage-first heap   total 524288K, used 200281K [0x0000000700000000, 0x0000000800000000)
  region size 1024K, 2 young (2048K), 2 survivors (2048K)
 Metaspace       used 29956K, capacity 30604K, committed 30848K, reserved 1077248K
  class space    used 3141K, capacity 3421K, committed 3456K, reserved 1048576K
}

